<?xml version="1.0" encoding="UTF-8"?>
<testng-results ignored="0" total="4" passed="3" failed="1" skipped="0">
  <reporter-output>
  </reporter-output>
<<<<<<< HEAD
  <suite started-at="2023-06-15T13:45:34 IST" name="Default suite" finished-at="2023-06-15T13:45:52 IST" duration-ms="18047">
    <groups>
    </groups>
    <test started-at="2023-06-15T13:45:34 IST" name="Default test" finished-at="2023-06-15T13:45:52 IST" duration-ms="18047">
      <class name="org.recircle.test.CP_Registration">
        <test-method is-config="true" signature="beforelaunch()[pri:0, instance:org.recircle.test.CP_Registration@18271936]" started-at="2023-06-15T13:45:34 IST" name="beforelaunch" finished-at="2023-06-15T13:45:37 IST" duration-ms="3308" status="PASS">
          <reporter-output>
          </reporter-output>
        </test-method> <!-- beforelaunch -->
        <test-method signature="Login()[pri:1, instance:org.recircle.test.CP_Registration@18271936]" started-at="2023-06-15T13:45:37 IST" name="Login" finished-at="2023-06-15T13:45:47 IST" duration-ms="10003" status="PASS">
          <reporter-output>
          </reporter-output>
        </test-method> <!-- Login -->
        <test-method signature="cp_modulepage()[pri:2, instance:org.recircle.test.CP_Registration@18271936]" started-at="2023-06-15T13:45:47 IST" name="cp_modulepage" finished-at="2023-06-15T13:45:48 IST" duration-ms="1106" status="PASS">
          <reporter-output>
          </reporter-output>
        </test-method> <!-- cp_modulepage -->
        <test-method signature="Add_CP_form()[pri:3, instance:org.recircle.test.CP_Registration@18271936]" started-at="2023-06-15T13:45:48 IST" name="Add_CP_form" finished-at="2023-06-15T13:45:51 IST" duration-ms="2746" status="PASS">
          <reporter-output>
          </reporter-output>
        </test-method> <!-- Add_CP_form -->
        <test-method signature="CP_PrimaryUser_form()[pri:4, instance:org.recircle.test.CP_Registration@18271936]" started-at="2023-06-15T13:45:51 IST" name="CP_PrimaryUser_form" finished-at="2023-06-15T13:45:52 IST" duration-ms="824" status="FAIL">
          <exception class="org.openqa.selenium.interactions.MoveTargetOutOfBoundsException">
            <message>
              <![CDATA[move target out of bounds
  (Session info: chrome=113.0.5672.129)
Build info: version: '4.10.0', revision: 'c14d967899'
System info: os.name: 'Windows 10', os.arch: 'amd64', os.version: '10.0', java.version: '17.0.4'
Driver info: org.openqa.selenium.chrome.ChromeDriver
Command: [b9ec8617fd53e089de2252c3c8fd5df0, actions {actions=[org.openqa.selenium.interactions.Sequence@7668892a]}]
Capabilities {acceptInsecureCerts: false, browserName: chrome, browserVersion: 113.0.5672.129, chrome: {chromedriverVersion: 113.0.5672.63 (0e1a4471d5ae..., userDataDir: C:\Users\GUNAAL~1\AppData\L...}, goog:chromeOptions: {debuggerAddress: localhost:61020}, networkConnectionEnabled: false, pageLoadStrategy: normal, platformName: windows, proxy: Proxy(), se:cdp: ws://localhost:61020/devtoo..., se:cdpVersion: 113.0.5672.129, setWindowRect: true, strictFileInteractability: false, timeouts: {implicit: 0, pageLoad: 300000, script: 30000}, unhandledPromptBehavior: dismiss and notify, webauthn:extension:credBlob: true, webauthn:extension:largeBlob: true, webauthn:extension:minPinLength: true, webauthn:extension:prf: true, webauthn:virtualAuthenticators: true}
Session ID: b9ec8617fd53e089de2252c3c8fd5df0]]>
            </message>
            <full-stacktrace>
              <![CDATA[org.openqa.selenium.interactions.MoveTargetOutOfBoundsException: move target out of bounds
  (Session info: chrome=113.0.5672.129)
Build info: version: '4.10.0', revision: 'c14d967899'
System info: os.name: 'Windows 10', os.arch: 'amd64', os.version: '10.0', java.version: '17.0.4'
Driver info: org.openqa.selenium.chrome.ChromeDriver
Command: [b9ec8617fd53e089de2252c3c8fd5df0, actions {actions=[org.openqa.selenium.interactions.Sequence@7668892a]}]
Capabilities {acceptInsecureCerts: false, browserName: chrome, browserVersion: 113.0.5672.129, chrome: {chromedriverVersion: 113.0.5672.63 (0e1a4471d5ae..., userDataDir: C:\Users\GUNAAL~1\AppData\L...}, goog:chromeOptions: {debuggerAddress: localhost:61020}, networkConnectionEnabled: false, pageLoadStrategy: normal, platformName: windows, proxy: Proxy(), se:cdp: ws://localhost:61020/devtoo..., se:cdpVersion: 113.0.5672.129, setWindowRect: true, strictFileInteractability: false, timeouts: {implicit: 0, pageLoad: 300000, script: 30000}, unhandledPromptBehavior: dismiss and notify, webauthn:extension:credBlob: true, webauthn:extension:largeBlob: true, webauthn:extension:minPinLength: true, webauthn:extension:prf: true, webauthn:virtualAuthenticators: true}
Session ID: b9ec8617fd53e089de2252c3c8fd5df0
=======
  <suite started-at="2023-06-15T14:37:06 IST" name="Default suite" finished-at="2023-06-15T14:39:03 IST" duration-ms="117320">
    <groups>
    </groups>
    <test started-at="2023-06-15T14:37:06 IST" name="Default test" finished-at="2023-06-15T14:39:03 IST" duration-ms="117320">
      <class name="org.recircle.test.PurchaseOrderCreation">
        <test-method is-config="true" signature="beforelaunch()[pri:0, instance:org.recircle.test.PurchaseOrderCreation@68c9133c]" started-at="2023-06-15T14:37:06 IST" name="beforelaunch" finished-at="2023-06-15T14:37:09 IST" duration-ms="2419" status="PASS">
          <reporter-output>
          </reporter-output>
        </test-method> <!-- beforelaunch -->
        <test-method signature="Login()[pri:1, instance:org.recircle.test.PurchaseOrderCreation@68c9133c]" started-at="2023-06-15T14:37:09 IST" name="Login" finished-at="2023-06-15T14:38:54 IST" duration-ms="105514" status="PASS">
          <reporter-output>
          </reporter-output>
        </test-method> <!-- Login -->
        <test-method signature="AddPo()[pri:2, instance:org.recircle.test.PurchaseOrderCreation@68c9133c]" started-at="2023-06-15T14:38:54 IST" name="AddPo" finished-at="2023-06-15T14:38:55 IST" duration-ms="1115" status="PASS">
          <reporter-output>
          </reporter-output>
        </test-method> <!-- AddPo -->
        <test-method signature="ClickPo()[pri:3, instance:org.recircle.test.PurchaseOrderCreation@68c9133c]" started-at="2023-06-15T14:38:55 IST" name="ClickPo" finished-at="2023-06-15T14:39:00 IST" duration-ms="4829" status="PASS">
          <reporter-output>
          </reporter-output>
        </test-method> <!-- ClickPo -->
        <test-method signature="resgistration()[pri:4, instance:org.recircle.test.PurchaseOrderCreation@68c9133c]" started-at="2023-06-15T14:39:00 IST" name="resgistration" finished-at="2023-06-15T14:39:03 IST" duration-ms="3329" status="FAIL">
          <exception class="org.openqa.selenium.ElementClickInterceptedException">
            <message>
              <![CDATA[element click intercepted: Element <span class="label">...</span> is not clickable at point (410, 454). Other element would receive the click: <input type="file" name="original_po_pdf" id="upload" class="upload-box validate_input_file" placeholder="Upload File" accept=".doc,.docx,.pdf" file_size="5" autocomplete="off">
  (Session info: chrome=114.0.5735.110)
Build info: version: '4.10.0', revision: 'c14d967899'
System info: os.name: 'Windows 11', os.arch: 'amd64', os.version: '10.0', java.version: '17.0.4'
Driver info: org.openqa.selenium.chrome.ChromeDriver
Command: [b9bbc16187d049367e2ae67c85376ce8, clickElement {id=F2A44607E61A821540816C7E55565D06_element_61}]
Capabilities {acceptInsecureCerts: false, browserName: chrome, browserVersion: 114.0.5735.110, chrome: {chromedriverVersion: 114.0.5735.90 (386bc09e8f4f..., userDataDir: C:\Users\manoj\AppData\Loca...}, goog:chromeOptions: {debuggerAddress: localhost:53582}, networkConnectionEnabled: false, pageLoadStrategy: normal, platformName: windows, proxy: Proxy(), se:cdp: ws://localhost:53582/devtoo..., se:cdpVersion: 114.0.5735.110, setWindowRect: true, strictFileInteractability: false, timeouts: {implicit: 0, pageLoad: 300000, script: 30000}, unhandledPromptBehavior: dismiss and notify, webauthn:extension:credBlob: true, webauthn:extension:largeBlob: true, webauthn:extension:minPinLength: true, webauthn:extension:prf: true, webauthn:virtualAuthenticators: true}
Element: [[ChromeDriver: chrome on windows (b9bbc16187d049367e2ae67c85376ce8)] -> xpath: //*[@id='upload']//parent::div[@id='upload_button_div_1']//span]
Session ID: b9bbc16187d049367e2ae67c85376ce8]]>
            </message>
            <full-stacktrace>
              <![CDATA[org.openqa.selenium.ElementClickInterceptedException: element click intercepted: Element <span class="label">...</span> is not clickable at point (410, 454). Other element would receive the click: <input type="file" name="original_po_pdf" id="upload" class="upload-box validate_input_file" placeholder="Upload File" accept=".doc,.docx,.pdf" file_size="5" autocomplete="off">
  (Session info: chrome=114.0.5735.110)
Build info: version: '4.10.0', revision: 'c14d967899'
System info: os.name: 'Windows 11', os.arch: 'amd64', os.version: '10.0', java.version: '17.0.4'
Driver info: org.openqa.selenium.chrome.ChromeDriver
Command: [b9bbc16187d049367e2ae67c85376ce8, clickElement {id=F2A44607E61A821540816C7E55565D06_element_61}]
Capabilities {acceptInsecureCerts: false, browserName: chrome, browserVersion: 114.0.5735.110, chrome: {chromedriverVersion: 114.0.5735.90 (386bc09e8f4f..., userDataDir: C:\Users\manoj\AppData\Loca...}, goog:chromeOptions: {debuggerAddress: localhost:53582}, networkConnectionEnabled: false, pageLoadStrategy: normal, platformName: windows, proxy: Proxy(), se:cdp: ws://localhost:53582/devtoo..., se:cdpVersion: 114.0.5735.110, setWindowRect: true, strictFileInteractability: false, timeouts: {implicit: 0, pageLoad: 300000, script: 30000}, unhandledPromptBehavior: dismiss and notify, webauthn:extension:credBlob: true, webauthn:extension:largeBlob: true, webauthn:extension:minPinLength: true, webauthn:extension:prf: true, webauthn:virtualAuthenticators: true}
Element: [[ChromeDriver: chrome on windows (b9bbc16187d049367e2ae67c85376ce8)] -> xpath: //*[@id='upload']//parent::div[@id='upload_button_div_1']//span]
Session ID: b9bbc16187d049367e2ae67c85376ce8
>>>>>>> 664b3dbcd4a436559ba7de5aefa2a981e3b5d6e4
at java.base/jdk.internal.reflect.NativeConstructorAccessorImpl.newInstance0(Native Method)
at java.base/jdk.internal.reflect.NativeConstructorAccessorImpl.newInstance(NativeConstructorAccessorImpl.java:77)
at java.base/jdk.internal.reflect.DelegatingConstructorAccessorImpl.newInstance(DelegatingConstructorAccessorImpl.java:45)
at java.base/java.lang.reflect.Constructor.newInstanceWithCaller(Constructor.java:499)
at java.base/java.lang.reflect.Constructor.newInstance(Constructor.java:480)
at org.openqa.selenium.remote.codec.w3c.W3CHttpResponseCodec.createException(W3CHttpResponseCodec.java:199)
at org.openqa.selenium.remote.codec.w3c.W3CHttpResponseCodec.decode(W3CHttpResponseCodec.java:132)
at org.openqa.selenium.remote.codec.w3c.W3CHttpResponseCodec.decode(W3CHttpResponseCodec.java:51)
at org.openqa.selenium.remote.HttpCommandExecutor.execute(HttpCommandExecutor.java:191)
at org.openqa.selenium.remote.service.DriverCommandExecutor.invokeExecute(DriverCommandExecutor.java:196)
at org.openqa.selenium.remote.service.DriverCommandExecutor.execute(DriverCommandExecutor.java:171)
at org.openqa.selenium.remote.RemoteWebDriver.execute(RemoteWebDriver.java:531)
<<<<<<< HEAD
at org.openqa.selenium.remote.RemoteWebDriver.perform(RemoteWebDriver.java:603)
at org.openqa.selenium.interactions.Actions$BuiltAction.perform(Actions.java:585)
at org.openqa.selenium.interactions.Actions.perform(Actions.java:554)
at baseClass.org.BaseClass.scrollDown(BaseClass.java:135)
at org.Recircle.page.cp_registration.primary_Userdetails_form(cp_registration.java:69)
at org.recircle.test.CP_Registration.CP_PrimaryUser_form(CP_Registration.java:56)
=======
at org.openqa.selenium.remote.RemoteWebElement.execute(RemoteWebElement.java:242)
at org.openqa.selenium.remote.RemoteWebElement.click(RemoteWebElement.java:77)
at baseClass.org.BaseClass.buttonClick(BaseClass.java:84)
at org.Recircle.page.po_creation.poRegistration(po_creation.java:88)
at org.recircle.test.PurchaseOrderCreation.resgistration(PurchaseOrderCreation.java:56)
>>>>>>> 664b3dbcd4a436559ba7de5aefa2a981e3b5d6e4
at java.base/jdk.internal.reflect.NativeMethodAccessorImpl.invoke0(Native Method)
at java.base/jdk.internal.reflect.NativeMethodAccessorImpl.invoke(NativeMethodAccessorImpl.java:77)
at java.base/jdk.internal.reflect.DelegatingMethodAccessorImpl.invoke(DelegatingMethodAccessorImpl.java:43)
at java.base/java.lang.reflect.Method.invoke(Method.java:568)
at org.testng.internal.invokers.MethodInvocationHelper.invokeMethod(MethodInvocationHelper.java:139)
at org.testng.internal.invokers.TestInvoker.invokeMethod(TestInvoker.java:664)
at org.testng.internal.invokers.TestInvoker.invokeTestMethod(TestInvoker.java:227)
at org.testng.internal.invokers.MethodRunner.runInSequence(MethodRunner.java:50)
at org.testng.internal.invokers.TestInvoker$MethodInvocationAgent.invoke(TestInvoker.java:957)
at org.testng.internal.invokers.TestInvoker.invokeTestMethods(TestInvoker.java:200)
at org.testng.internal.invokers.TestMethodWorker.invokeTestMethods(TestMethodWorker.java:148)
at org.testng.internal.invokers.TestMethodWorker.run(TestMethodWorker.java:128)
at java.base/java.util.ArrayList.forEach(ArrayList.java:1511)
at org.testng.TestRunner.privateRun(TestRunner.java:848)
at org.testng.TestRunner.run(TestRunner.java:621)
at org.testng.SuiteRunner.runTest(SuiteRunner.java:443)
at org.testng.SuiteRunner.runSequentially(SuiteRunner.java:437)
at org.testng.SuiteRunner.privateRun(SuiteRunner.java:397)
at org.testng.SuiteRunner.run(SuiteRunner.java:336)
at org.testng.SuiteRunnerWorker.runSuite(SuiteRunnerWorker.java:52)
at org.testng.SuiteRunnerWorker.run(SuiteRunnerWorker.java:95)
at org.testng.TestNG.runSuitesSequentially(TestNG.java:1280)
at org.testng.TestNG.runSuitesLocally(TestNG.java:1200)
at org.testng.TestNG.runSuites(TestNG.java:1114)
at org.testng.TestNG.run(TestNG.java:1082)
at org.testng.remote.AbstractRemoteTestNG.run(AbstractRemoteTestNG.java:115)
at org.testng.remote.RemoteTestNG.initAndRun(RemoteTestNG.java:251)
at org.testng.remote.RemoteTestNG.main(RemoteTestNG.java:77)
]]>
            </full-stacktrace>
<<<<<<< HEAD
          </exception> <!-- org.openqa.selenium.interactions.MoveTargetOutOfBoundsException -->
          <reporter-output>
          </reporter-output>
        </test-method> <!-- CP_PrimaryUser_form -->
        <test-method is-config="true" signature="afterlaunch()[pri:0, instance:org.recircle.test.CP_Registration@18271936]" started-at="2023-06-15T13:45:52 IST" name="afterlaunch" finished-at="2023-06-15T13:45:52 IST" duration-ms="0" status="PASS">
          <reporter-output>
          </reporter-output>
        </test-method> <!-- afterlaunch -->
      </class> <!-- org.recircle.test.CP_Registration -->
=======
          </exception> <!-- org.openqa.selenium.ElementClickInterceptedException -->
          <reporter-output>
          </reporter-output>
        </test-method> <!-- resgistration -->
        <test-method is-config="true" signature="afterlaunch()[pri:0, instance:org.recircle.test.PurchaseOrderCreation@68c9133c]" started-at="2023-06-15T14:39:03 IST" name="afterlaunch" finished-at="2023-06-15T14:39:03 IST" duration-ms="1" status="PASS">
          <reporter-output>
          </reporter-output>
        </test-method> <!-- afterlaunch -->
      </class> <!-- org.recircle.test.PurchaseOrderCreation -->
>>>>>>> 664b3dbcd4a436559ba7de5aefa2a981e3b5d6e4
    </test> <!-- Default test -->
  </suite> <!-- Default suite -->
</testng-results>
